<?xml version="1.0" encoding="UTF-8"?>
<!-- Generated by org.testng.reporters.JUnitReportReporter -->
<testsuite hostname="LAPTOP-Q6IA3I9O" failures="0" tests="1" name="test.TCs_Register" time="0.239" errors="0" timestamp="2021-11-12T23:38:47 ICT" skipped="0">
  <testcase classname="test.TCs_Register" name="signUpTest01" time="0.239"/>
  <system-out/>
</testsuite> <!-- test.TCs_Register -->
