<?xml version="1.0" encoding="UTF-8"?>
<!-- Generated by org.testng.reporters.JUnitReportReporter -->
<testsuite hostname="LAPTOP-Q6IA3I9O" failures="0" tests="1" name="test.TCs_TeasKemTuyet" time="6.994" errors="0" timestamp="2021-11-19T11:49:46 ICT" skipped="0">
  <testcase classname="test.TCs_TeasKemTuyet" name="CheckProduct_SuiBot" time="6.994"/>
  <system-out/>
</testsuite> <!-- test.TCs_TeasKemTuyet -->
