<?xml version="1.0" encoding="UTF-8"?>
<!-- Generated by org.testng.reporters.JUnitReportReporter -->
<testsuite hostname="LAPTOP-Q6IA3I9O" failures="0" tests="7" name="test.TCs_Contact" time="67.160" errors="0" timestamp="2021-11-19T22:46:19 ICT" skipped="0">
  <testcase classname="test.TCs_Contact" name="SendmailUnsuccessfullyEmptyPW" time="8.840"/>
  <system-out/>
  <testcase classname="test.TCs_Contact" name="SendmailUnsuccessfullyEmpty_3Field" time="9.345"/>
  <system-out/>
  <testcase classname="test.TCs_Contact" name="SendmailUnsuccessfullyEmpty_2Field" time="7.718"/>
  <system-out/>
  <testcase classname="test.TCs_Contact" name="SendmailUnsuccessfullyEmpty_1Field" time="7.774"/>
  <system-out/>
  <testcase classname="test.TCs_Contact" name="SendmailUnsuccessfully_Invalid_Phone" time="7.846"/>
  <system-out/>
  <testcase classname="test.TCs_Contact" name="SendmailUnsuccessfully_Invalid_Email" time="7.816"/>
  <system-out/>
  <testcase classname="test.TCs_Contact" name="SendmailSuccessfully" time="17.821"/>
  <system-out/>
</testsuite> <!-- test.TCs_Contact -->
