<?xml version="1.0" encoding="UTF-8"?>
<!-- Generated by org.testng.reporters.JUnitReportReporter -->
<testsuite hostname="LAPTOP-Q6IA3I9O" failures="0" tests="3" name="test.LoginPageTest1" time="21.394" errors="0" timestamp="2021-11-17T00:52:42 ICT" skipped="0">
  <testcase classname="test.LoginPageTest1" name="SignInUnsuccessfullyEmptyPW" time="7.458"/>
  <system-out/>
  <testcase classname="test.LoginPageTest1" name="SignInUnsuccessfullyEmptyEmail" time="6.297"/>
  <system-out/>
  <testcase classname="test.LoginPageTest1" name="SignInUnsuccessfullyEmptyEmailAndPassWord" time="7.639"/>
  <system-out/>
</testsuite> <!-- test.LoginPageTest1 -->
