<?xml version="1.0" encoding="UTF-8"?>
<!-- Generated by org.testng.reporters.JUnitReportReporter -->
<testsuite hostname="LAPTOP-Q6IA3I9O" failures="0" tests="8" name="test.LoginPageTest" time="65.568" errors="0" timestamp="2021-11-19T22:38:36 ICT" skipped="0">
  <testcase classname="test.LoginPageTest" name="signInPagenopass" time="8.572"/>
  <system-out/>
  <testcase classname="test.LoginPageTest" name="signInPagenomail" time="7.261"/>
  <system-out/>
  <testcase classname="test.LoginPageTest" name="signInPageempty" time="7.253"/>
  <system-out/>
  <testcase classname="test.LoginPageTest" name="signInPagewrongpass" time="8.872"/>
  <system-out/>
  <testcase classname="test.LoginPageTest" name="signInPagewrongmail" time="8.088"/>
  <system-out/>
  <testcase classname="test.LoginPageTest" name="signInPagewrongpassandmail" time="8.162"/>
  <system-out/>
  <testcase classname="test.LoginPageTest" name="signInPageinvalidname" time="8.996"/>
  <system-out/>
  <testcase classname="test.LoginPageTest" name="signInPagePass" time="8.364"/>
  <system-out/>
</testsuite> <!-- test.LoginPageTest -->
