<?xml version="1.0" encoding="UTF-8"?>
<!-- Generated by org.testng.reporters.JUnitReportReporter -->
<testsuite hostname="LAPTOP-Q6IA3I9O" failures="0" tests="1" name="test.TCs_Teas" time="7.877" errors="0" timestamp="2021-11-19T20:09:14 ICT" skipped="0">
  <testcase classname="test.TCs_Teas" name="CheckProduct_SuiBot" time="7.877"/>
  <system-out/>
</testsuite> <!-- test.TCs_Teas -->
