<?xml version="1.0" encoding="UTF-8"?>
<!-- Generated by org.testng.reporters.JUnitReportReporter -->
<testsuite hostname="LAPTOP-Q6IA3I9O" failures="0" tests="6" name="test.RegisterPageTest" time="47.700" errors="0" timestamp="2021-11-19T22:43:40 ICT" skipped="0">
  <testcase classname="test.RegisterPageTest" name="checkEmptyRegister" time="8.042"/>
  <system-out/>
  <testcase classname="test.RegisterPageTest" name="checkEmptyEmailRegister" time="6.672"/>
  <system-out/>
  <testcase classname="test.RegisterPageTest" name="checkEmptyPassRegister" time="6.413"/>
  <system-out/>
  <testcase classname="test.RegisterPageTest" name="checkWrongFormatEmailRegister" time="8.304"/>
  <system-out/>
  <testcase classname="test.RegisterPageTest" name="checkExsitEmailRegister" time="8.458"/>
  <system-out/>
  <testcase classname="test.RegisterPageTest" name="checkSuccessLogin" time="9.811"/>
  <system-out/>
</testsuite> <!-- test.RegisterPageTest -->
